2025-02-22 14:50:49,452 - in <ws2:release-group>, uncaught attribute type-id
2025-02-22 14:50:49,454 - in <ws2:release-group>, uncaught attribute type-id
2025-02-22 14:50:49,454 - in <ws2:release-group>, uncaught attribute type-id
2025-02-22 14:50:49,455 - in <ws2:release-group>, uncaught attribute type-id
2025-02-22 14:50:49,456 - in <ws2:release-group>, uncaught attribute type-id
2025-02-22 14:50:49,456 - in <ws2:release-group>, uncaught attribute type-id
2025-02-22 14:50:49,457 - in <ws2:release-group>, uncaught attribute type-id
2025-02-22 14:50:49,458 - in <ws2:release-group>, uncaught attribute type-id
2025-02-22 14:50:49,458 - in <ws2:release-group>, uncaught attribute type-id
2025-02-22 14:50:49,459 - in <ws2:release-group>, uncaught attribute type-id
2025-02-22 14:50:49,460 - in <ws2:release-group>, uncaught attribute type-id
2025-02-22 14:50:49,460 - in <ws2:release-group>, uncaught attribute type-id
2025-02-22 14:50:49,461 - in <ws2:release-group>, uncaught attribute type-id
2025-02-22 14:50:49,462 - in <ws2:release-group>, uncaught attribute type-id
2025-02-22 14:50:49,476 - in <ws2:release-group>, uncaught attribute type-id
2025-02-22 14:50:49,477 - in <ws2:release-group>, uncaught attribute type-id
2025-02-22 14:50:49,478 - in <ws2:release-group>, uncaught attribute type-id
2025-02-22 14:50:49,478 - in <ws2:release-group>, uncaught attribute type-id
2025-02-22 14:50:49,479 - in <ws2:release-group>, uncaught attribute type-id
2025-02-22 14:50:49,480 - in <ws2:release-group>, uncaught attribute type-id
2025-02-22 14:50:49,481 - in <ws2:release-group>, uncaught attribute type-id
2025-02-22 14:50:49,481 - in <ws2:release-group>, uncaught attribute type-id
2025-02-22 14:50:49,482 - in <ws2:release-group>, uncaught attribute type-id
2025-02-22 14:50:49,483 - in <ws2:release-group>, uncaught attribute type-id
2025-02-22 14:50:49,483 - in <ws2:release-group>, uncaught attribute type-id
2025-02-22 14:52:02,265 - in <ws2:release-group>, uncaught attribute type-id
2025-02-22 14:52:02,266 - in <ws2:release-group>, uncaught attribute type-id
2025-02-22 14:52:02,268 - in <ws2:release-group>, uncaught attribute type-id
2025-02-22 14:52:02,269 - in <ws2:release-group>, uncaught attribute type-id
2025-02-22 14:52:02,270 - in <ws2:release-group>, uncaught attribute type-id
2025-02-22 14:52:02,270 - in <ws2:release-group>, uncaught attribute type-id
2025-02-22 14:52:02,271 - in <ws2:release-group>, uncaught attribute type-id
2025-02-22 14:52:02,272 - in <ws2:release-group>, uncaught attribute type-id
2025-02-22 14:52:02,273 - in <ws2:release-group>, uncaught attribute type-id
2025-02-22 14:52:02,274 - in <ws2:release-group>, uncaught attribute type-id
2025-02-22 14:52:02,274 - in <ws2:release-group>, uncaught attribute type-id
2025-02-22 14:52:02,275 - in <ws2:release-group>, uncaught attribute type-id
2025-02-22 14:52:02,276 - in <ws2:release-group>, uncaught attribute type-id
2025-02-22 14:52:02,277 - in <ws2:release-group>, uncaught attribute type-id
2025-02-22 14:52:02,277 - in <ws2:release-group>, uncaught attribute type-id
2025-02-22 14:52:02,278 - in <ws2:release-group>, uncaught attribute type-id
2025-02-22 14:52:02,279 - in <ws2:release-group>, uncaught attribute type-id
2025-02-22 14:52:02,280 - in <ws2:release-group>, uncaught attribute type-id
2025-02-22 14:52:02,280 - in <ws2:release-group>, uncaught attribute type-id
2025-02-22 14:52:02,281 - in <ws2:release-group>, uncaught attribute type-id
2025-02-22 14:52:02,282 - in <ws2:release-group>, uncaught attribute type-id
2025-02-22 14:52:02,282 - in <ws2:release-group>, uncaught attribute type-id
2025-02-22 14:52:02,283 - in <ws2:release-group>, uncaught attribute type-id
2025-02-22 14:53:06,500 - in <ws2:recording>, uncaught <first-release-date>
2025-02-22 14:53:06,501 - in <ws2:release-group>, uncaught attribute type-id
2025-02-22 14:53:06,502 - in <ws2:release-group>, uncaught attribute type-id
2025-02-22 14:53:06,503 - in <ws2:recording>, uncaught <first-release-date>
2025-02-22 14:53:06,503 - in <ws2:release-group>, uncaught attribute type-id
2025-02-22 14:53:06,504 - in <ws2:release-group>, uncaught attribute type-id
2025-02-22 14:53:06,504 - in <ws2:release-group>, uncaught attribute type-id
2025-02-22 14:53:06,505 - in <ws2:recording>, uncaught <first-release-date>
2025-02-22 14:53:06,506 - in <ws2:release-group>, uncaught attribute type-id
2025-02-22 14:53:06,506 - in <ws2:release-group>, uncaught attribute type-id
2025-02-22 14:53:06,507 - in <ws2:release-group>, uncaught attribute type-id
2025-02-22 14:53:06,508 - in <ws2:recording>, uncaught <first-release-date>
2025-02-22 14:53:06,508 - in <ws2:release-group>, uncaught attribute type-id
2025-02-22 14:53:06,508 - in <ws2:release-group>, uncaught attribute type-id
2025-02-22 14:53:06,509 - in <ws2:recording>, uncaught <first-release-date>
2025-02-22 14:53:06,509 - in <ws2:release-group>, uncaught attribute type-id
2025-02-22 14:53:06,510 - in <ws2:recording>, uncaught <first-release-date>
2025-02-22 14:53:06,510 - in <ws2:release-group>, uncaught attribute type-id
2025-02-22 14:53:06,511 - in <ws2:release-group>, uncaught attribute type-id
2025-02-22 14:53:06,511 - in <ws2:release-group>, uncaught attribute type-id
2025-02-22 14:53:06,512 - in <ws2:release-group>, uncaught attribute type-id
2025-02-22 14:53:06,513 - in <ws2:release-group>, uncaught attribute type-id
2025-02-22 14:53:06,513 - in <ws2:recording>, uncaught <first-release-date>
2025-02-22 14:53:06,513 - in <ws2:release-group>, uncaught attribute type-id
2025-02-22 14:53:06,514 - in <ws2:recording>, uncaught <first-release-date>
2025-02-22 14:53:06,514 - in <ws2:release-group>, uncaught attribute type-id
2025-02-22 14:53:06,515 - in <ws2:release-group>, uncaught attribute type-id
2025-02-22 14:53:06,516 - in <ws2:recording>, uncaught <first-release-date>
2025-02-22 14:53:06,516 - in <ws2:alias>, uncaught attribute type-id
2025-02-22 14:53:06,517 - in <ws2:recording>, uncaught <first-release-date>
2025-02-22 14:53:06,517 - in <ws2:release-group>, uncaught attribute type-id
2025-02-22 14:53:06,518 - in <ws2:alias>, uncaught attribute type-id
2025-02-22 14:53:06,518 - in <ws2:recording>, uncaught <first-release-date>
2025-02-22 14:53:06,518 - in <ws2:release-group>, uncaught attribute type-id
2025-02-22 14:53:06,519 - in <ws2:release-group>, uncaught attribute type-id
2025-02-22 14:53:06,520 - in <ws2:recording>, uncaught <first-release-date>
2025-02-22 14:53:06,520 - in <ws2:release-group>, uncaught attribute type-id
2025-02-22 14:53:06,521 - in <ws2:alias>, uncaught attribute type-id
2025-02-22 14:53:06,521 - in <ws2:alias>, uncaught attribute type-id
2025-02-22 14:53:06,521 - in <ws2:recording>, uncaught <first-release-date>
2025-02-22 14:53:06,521 - in <ws2:release-group>, uncaught attribute type-id
2025-02-22 14:53:06,522 - in <ws2:recording>, uncaught <first-release-date>
2025-02-22 14:53:06,522 - in <ws2:release-group>, uncaught attribute type-id
2025-02-22 14:53:06,523 - in <ws2:alias>, uncaught attribute type-id
2025-02-22 14:53:06,523 - in <ws2:alias>, uncaught attribute type-id
2025-02-22 14:53:06,523 - in <ws2:alias>, uncaught attribute type-id
2025-02-22 14:53:06,524 - in <ws2:alias>, uncaught attribute type-id
2025-02-22 14:53:06,524 - in <ws2:alias>, uncaught attribute type-id
2025-02-22 14:53:06,524 - in <ws2:recording>, uncaught <first-release-date>
2025-02-22 14:53:06,524 - in <ws2:release-group>, uncaught attribute type-id
2025-02-22 14:53:06,525 - in <ws2:release-group>, uncaught attribute type-id
2025-02-22 14:53:06,526 - in <ws2:release-group>, uncaught attribute type-id
2025-02-22 14:53:06,526 - in <ws2:release-group>, uncaught attribute type-id
2025-02-22 14:53:06,527 - in <ws2:release-group>, uncaught attribute type-id
2025-02-22 14:53:06,527 - in <ws2:recording>, uncaught <first-release-date>
2025-02-22 14:53:06,527 - in <ws2:release-group>, uncaught attribute type-id
2025-02-22 14:53:06,528 - in <ws2:alias>, uncaught attribute type-id
2025-02-22 14:53:06,528 - in <ws2:alias>, uncaught attribute type-id
2025-02-22 14:53:06,529 - in <ws2:recording>, uncaught <first-release-date>
2025-02-22 14:53:06,529 - in <ws2:release-group>, uncaught attribute type-id
2025-02-22 14:53:06,530 - in <ws2:recording>, uncaught <first-release-date>
2025-02-22 14:53:06,530 - in <ws2:release-group>, uncaught attribute type-id
2025-02-22 14:53:06,531 - in <ws2:recording>, uncaught <first-release-date>
2025-02-22 14:53:06,531 - in <ws2:release-group>, uncaught attribute type-id
2025-02-22 14:53:06,532 - in <ws2:recording>, uncaught <first-release-date>
2025-02-22 14:53:06,532 - in <ws2:release-group>, uncaught attribute type-id
2025-02-22 14:53:06,533 - in <ws2:recording>, uncaught <first-release-date>
2025-02-22 14:53:06,533 - in <ws2:release-group>, uncaught attribute type-id
2025-02-22 14:53:06,534 - in <ws2:release-group>, uncaught attribute type-id
2025-02-22 14:53:06,534 - in <ws2:recording>, uncaught <first-release-date>
2025-02-22 14:53:06,534 - in <ws2:release-group>, uncaught attribute type-id
2025-02-22 14:53:06,535 - in <ws2:recording>, uncaught <first-release-date>
2025-02-22 14:53:06,535 - in <ws2:release-group>, uncaught attribute type-id
2025-02-22 14:53:06,536 - Error fetching metadata from MusicBrainz for 'Bin Tere' by 'Vishal & Shekhar, Shafqat Amanat Ali, Sunidhi Chauhan': string indices must be integers, not 'str'
2025-02-22 14:54:27,573 - in <ws2:recording>, uncaught <first-release-date>
2025-02-22 14:54:27,574 - in <ws2:release-group>, uncaught attribute type-id
2025-02-22 14:54:27,574 - in <ws2:release-group>, uncaught attribute type-id
2025-02-22 14:54:27,575 - in <ws2:alias>, uncaught attribute type-id
2025-02-22 14:54:27,576 - in <ws2:recording>, uncaught <first-release-date>
2025-02-22 14:54:27,576 - in <ws2:release-group>, uncaught attribute type-id
2025-02-22 14:54:27,577 - in <ws2:alias>, uncaught attribute type-id
2025-02-22 14:54:27,577 - in <ws2:alias>, uncaught attribute type-id
2025-02-22 14:54:27,577 - in <ws2:alias>, uncaught attribute type-id
2025-02-22 14:54:27,577 - in <ws2:alias>, uncaught attribute type-id
2025-02-22 14:54:27,577 - in <ws2:alias>, uncaught attribute type-id
2025-02-22 14:54:27,578 - in <ws2:recording>, uncaught <first-release-date>
2025-02-22 14:54:27,578 - in <ws2:release-group>, uncaught attribute type-id
2025-02-22 14:54:27,579 - in <ws2:release-group>, uncaught attribute type-id
2025-02-22 14:54:27,579 - in <ws2:release-group>, uncaught attribute type-id
2025-02-22 14:54:27,580 - in <ws2:release-group>, uncaught attribute type-id
2025-02-22 14:54:27,580 - in <ws2:release-group>, uncaught attribute type-id
2025-02-22 14:54:27,581 - in <ws2:recording>, uncaught <first-release-date>
2025-02-22 14:54:27,582 - in <ws2:release-group>, uncaught attribute type-id
2025-02-22 14:54:27,582 - in <ws2:alias>, uncaught attribute type-id
2025-02-22 14:54:27,582 - in <ws2:alias>, uncaught attribute type-id
2025-02-22 14:54:27,583 - in <ws2:recording>, uncaught <first-release-date>
2025-02-22 14:54:27,583 - in <ws2:release-group>, uncaught attribute type-id
2025-02-22 14:54:27,584 - in <ws2:recording>, uncaught <first-release-date>
2025-02-22 14:54:27,584 - in <ws2:release-group>, uncaught attribute type-id
2025-02-22 14:54:27,585 - in <ws2:release-group>, uncaught attribute type-id
2025-02-22 14:54:27,585 - in <ws2:release-group>, uncaught attribute type-id
2025-02-22 14:54:27,586 - in <ws2:alias>, uncaught attribute type-id
2025-02-22 14:54:27,586 - in <ws2:alias>, uncaught attribute type-id
2025-02-22 14:54:27,586 - in <ws2:recording>, uncaught <first-release-date>
2025-02-22 14:54:27,587 - in <ws2:release-group>, uncaught attribute type-id
2025-02-22 14:54:27,588 - in <ws2:recording>, uncaught <first-release-date>
2025-02-22 14:54:27,588 - in <ws2:release-group>, uncaught attribute type-id
2025-02-22 14:54:27,589 - in <ws2:recording>, uncaught <first-release-date>
2025-02-22 14:54:27,589 - in <ws2:release-group>, uncaught attribute type-id
2025-02-22 14:54:27,590 - in <ws2:release-group>, uncaught attribute type-id
2025-02-22 14:54:27,590 - in <ws2:recording>, uncaught <first-release-date>
2025-02-22 14:54:27,591 - in <ws2:release-group>, uncaught attribute type-id
2025-02-22 14:54:27,591 - in <ws2:alias>, uncaught attribute type-id
2025-02-22 14:54:27,592 - in <ws2:recording>, uncaught <first-release-date>
2025-02-22 14:54:27,592 - in <ws2:release-group>, uncaught attribute type-id
2025-02-22 14:54:27,593 - in <ws2:recording>, uncaught <first-release-date>
2025-02-22 14:54:27,593 - in <ws2:release-group>, uncaught attribute type-id
2025-02-22 14:54:27,594 - in <ws2:recording>, uncaught <first-release-date>
2025-02-22 14:54:27,594 - in <ws2:release-group>, uncaught attribute type-id
2025-02-22 14:54:27,595 - in <ws2:recording>, uncaught <first-release-date>
2025-02-22 14:54:27,595 - in <ws2:release-group>, uncaught attribute type-id
2025-02-22 14:54:27,596 - in <ws2:recording>, uncaught <first-release-date>
2025-02-22 14:54:27,596 - in <ws2:release-group>, uncaught attribute type-id
2025-02-22 14:54:27,596 - in <ws2:release-group>, uncaught attribute type-id
2025-02-22 14:54:27,597 - in <ws2:release-group>, uncaught attribute type-id
2025-02-22 14:54:27,598 - in <ws2:alias>, uncaught attribute type-id
2025-02-22 14:54:27,598 - in <ws2:alias>, uncaught attribute type-id
2025-02-22 14:54:27,598 - in <ws2:recording>, uncaught <first-release-date>
2025-02-22 14:54:27,598 - in <ws2:release-group>, uncaught attribute type-id
2025-02-22 14:54:27,599 - in <ws2:release-group>, uncaught attribute type-id
2025-02-22 14:54:27,599 - in <ws2:alias>, uncaught attribute type-id
2025-02-22 14:54:27,599 - in <ws2:recording>, uncaught <first-release-date>
2025-02-22 14:54:27,600 - in <ws2:release-group>, uncaught attribute type-id
2025-02-22 14:54:27,600 - in <ws2:recording>, uncaught <first-release-date>
2025-02-22 14:54:27,600 - in <ws2:release-group>, uncaught attribute type-id
2025-02-22 14:54:27,601 - in <ws2:release-group>, uncaught attribute type-id
2025-02-22 14:54:27,602 - in <ws2:recording>, uncaught <first-release-date>
2025-02-22 14:54:27,602 - in <ws2:release-group>, uncaught attribute type-id
2025-02-22 14:54:27,603 - in <ws2:recording>, uncaught <first-release-date>
2025-02-22 14:54:27,603 - in <ws2:release-group>, uncaught attribute type-id
2025-02-22 14:54:27,603 - in <ws2:alias>, uncaught attribute type-id
2025-02-22 14:54:27,604 - in <ws2:alias>, uncaught attribute type-id
2025-02-22 14:54:27,604 - in <ws2:alias>, uncaught attribute type-id
2025-02-22 14:54:27,604 - in <ws2:alias>, uncaught attribute type-id
2025-02-22 14:54:27,604 - in <ws2:alias>, uncaught attribute type-id
2025-02-22 14:54:27,605 - in <ws2:alias>, uncaught attribute type-id
2025-02-22 14:54:27,605 - in <ws2:alias>, uncaught attribute type-id
2025-02-22 14:54:27,605 - in <ws2:alias>, uncaught attribute type-id
2025-02-22 14:54:27,605 - in <ws2:alias>, uncaught attribute type-id
2025-02-22 14:54:27,606 - in <ws2:alias>, uncaught attribute type-id
2025-02-22 14:54:27,606 - in <ws2:alias>, uncaught attribute type-id
2025-02-22 14:54:27,606 - in <ws2:alias>, uncaught attribute type-id
2025-02-22 14:54:27,606 - in <ws2:alias>, uncaught attribute type-id
2025-02-22 14:54:27,607 - in <ws2:alias>, uncaught attribute type-id
2025-02-22 14:54:27,607 - in <ws2:alias>, uncaught attribute type-id
2025-02-22 14:54:27,607 - in <ws2:alias>, uncaught attribute type-id
2025-02-22 14:54:27,607 - in <ws2:alias>, uncaught attribute type-id
2025-02-22 14:54:27,607 - in <ws2:alias>, uncaught attribute type-id
2025-02-22 14:54:27,608 - in <ws2:alias>, uncaught attribute type-id
2025-02-22 14:54:27,608 - in <ws2:alias>, uncaught attribute type-id
2025-02-22 14:54:27,608 - in <ws2:alias>, uncaught attribute type-id
2025-02-22 14:54:27,608 - in <ws2:alias>, uncaught attribute type-id
2025-02-22 14:54:27,609 - in <ws2:alias>, uncaught attribute type-id
2025-02-22 14:54:27,609 - in <ws2:alias>, uncaught attribute type-id
2025-02-22 14:54:27,609 - in <ws2:alias>, uncaught attribute type-id
2025-02-22 14:54:27,609 - in <ws2:alias>, uncaught attribute type-id
2025-02-22 14:54:27,609 - in <ws2:alias>, uncaught attribute type-id
2025-02-22 14:54:27,610 - in <ws2:alias>, uncaught attribute type-id
2025-02-22 14:54:27,610 - in <ws2:alias>, uncaught attribute type-id
2025-02-22 14:54:27,610 - in <ws2:alias>, uncaught attribute type-id
2025-02-22 14:54:27,610 - in <ws2:alias>, uncaught attribute type-id
2025-02-22 14:54:27,610 - in <ws2:alias>, uncaught attribute type-id
2025-02-22 14:54:27,610 - in <ws2:alias>, uncaught attribute type-id
2025-02-22 14:54:27,611 - in <ws2:release-group>, uncaught attribute type-id
2025-02-22 14:54:27,611 - in <ws2:alias>, uncaught attribute type-id
2025-02-22 14:54:27,611 - in <ws2:alias>, uncaught attribute type-id
2025-02-22 14:54:27,612 - in <ws2:alias>, uncaught attribute type-id
2025-02-22 14:54:27,612 - in <ws2:alias>, uncaught attribute type-id
2025-02-22 14:54:27,612 - in <ws2:alias>, uncaught attribute type-id
2025-02-22 14:54:27,612 - in <ws2:alias>, uncaught attribute type-id
2025-02-22 14:54:27,613 - in <ws2:alias>, uncaught attribute type-id
2025-02-22 14:54:27,613 - in <ws2:alias>, uncaught attribute type-id
2025-02-22 14:54:27,613 - in <ws2:alias>, uncaught attribute type-id
2025-02-22 14:54:27,613 - in <ws2:alias>, uncaught attribute type-id
2025-02-22 14:54:27,614 - in <ws2:alias>, uncaught attribute type-id
2025-02-22 14:54:27,614 - in <ws2:alias>, uncaught attribute type-id
2025-02-22 14:54:27,614 - in <ws2:alias>, uncaught attribute type-id
2025-02-22 14:54:27,614 - in <ws2:alias>, uncaught attribute type-id
2025-02-22 14:54:27,615 - in <ws2:alias>, uncaught attribute type-id
2025-02-22 14:54:27,615 - in <ws2:alias>, uncaught attribute type-id
2025-02-22 14:54:27,615 - in <ws2:alias>, uncaught attribute type-id
2025-02-22 14:54:27,615 - in <ws2:alias>, uncaught attribute type-id
2025-02-22 14:54:27,616 - in <ws2:alias>, uncaught attribute type-id
2025-02-22 14:54:27,616 - in <ws2:alias>, uncaught attribute type-id
2025-02-22 14:54:27,616 - in <ws2:alias>, uncaught attribute type-id
2025-02-22 14:54:27,616 - in <ws2:alias>, uncaught attribute type-id
2025-02-22 14:54:27,617 - in <ws2:alias>, uncaught attribute type-id
2025-02-22 14:54:27,617 - in <ws2:alias>, uncaught attribute type-id
2025-02-22 14:54:27,617 - in <ws2:alias>, uncaught attribute type-id
2025-02-22 14:54:27,617 - in <ws2:alias>, uncaught attribute type-id
2025-02-22 14:54:27,617 - in <ws2:alias>, uncaught attribute type-id
2025-02-22 14:54:27,617 - in <ws2:alias>, uncaught attribute type-id
2025-02-22 14:54:27,618 - in <ws2:alias>, uncaught attribute type-id
2025-02-22 14:54:27,618 - in <ws2:alias>, uncaught attribute type-id
2025-02-22 14:54:27,618 - in <ws2:alias>, uncaught attribute type-id
2025-02-22 14:54:27,618 - in <ws2:alias>, uncaught attribute type-id
2025-02-22 14:54:27,618 - in <ws2:alias>, uncaught attribute type-id
2025-02-22 14:54:27,619 - in <ws2:release-group>, uncaught attribute type-id
2025-02-22 14:54:27,619 - in <ws2:recording>, uncaught <first-release-date>
2025-02-22 14:54:27,620 - in <ws2:release-group>, uncaught attribute type-id
2025-02-22 14:54:27,620 - in <ws2:release-group>, uncaught attribute type-id
2025-02-22 14:54:27,621 - in <ws2:release-group>, uncaught attribute type-id
2025-02-22 14:54:27,623 - Fetched metadata for 'Bin Tere (reprise)' by 'Shekhar Ravjiani' from MusicBrainz.
2025-02-22 15:01:44,489 - in <ws2:recording>, uncaught <first-release-date>
2025-02-22 15:01:44,490 - in <ws2:release-group>, uncaught attribute type-id
2025-02-22 15:01:44,491 - in <ws2:release-group>, uncaught attribute type-id
2025-02-22 15:01:44,492 - in <ws2:recording>, uncaught <first-release-date>
2025-02-22 15:01:44,492 - in <ws2:release-group>, uncaught attribute type-id
2025-02-22 15:01:44,493 - in <ws2:release-group>, uncaught attribute type-id
2025-02-22 15:01:44,494 - in <ws2:recording>, uncaught <first-release-date>
2025-02-22 15:01:44,494 - in <ws2:release-group>, uncaught attribute type-id
2025-02-22 15:01:44,495 - in <ws2:release-group>, uncaught attribute type-id
2025-02-22 15:01:44,496 - in <ws2:release-group>, uncaught attribute type-id
2025-02-22 15:01:44,496 - in <ws2:recording>, uncaught <first-release-date>
2025-02-22 15:01:44,497 - in <ws2:recording>, uncaught <first-release-date>
2025-02-22 15:01:44,498 - in <ws2:release-group>, uncaught attribute type-id
2025-02-22 15:01:44,499 - in <ws2:alias>, uncaught attribute type-id
2025-02-22 15:01:44,499 - in <ws2:alias>, uncaught attribute type-id
2025-02-22 15:01:44,499 - in <ws2:alias>, uncaught attribute type-id
2025-02-22 15:01:44,500 - in <ws2:recording>, uncaught <first-release-date>
2025-02-22 15:01:44,500 - in <ws2:release-group>, uncaught attribute type-id
2025-02-22 15:01:44,501 - in <ws2:alias>, uncaught attribute type-id
2025-02-22 15:01:44,501 - in <ws2:recording>, uncaught <first-release-date>
2025-02-22 15:01:44,502 - in <ws2:release-group>, uncaught attribute type-id
2025-02-22 15:01:44,503 - in <ws2:recording>, uncaught <first-release-date>
2025-02-22 15:01:44,503 - in <ws2:release-group>, uncaught attribute type-id
2025-02-22 15:01:44,504 - in <ws2:alias>, uncaught attribute type-id
2025-02-22 15:01:44,504 - in <ws2:alias>, uncaught attribute type-id
2025-02-22 15:01:44,504 - in <ws2:alias>, uncaught attribute type-id
2025-02-22 15:01:44,504 - in <ws2:alias>, uncaught attribute type-id
2025-02-22 15:01:44,505 - in <ws2:alias>, uncaught attribute type-id
2025-02-22 15:01:44,505 - in <ws2:alias>, uncaught attribute type-id
2025-02-22 15:01:44,505 - in <ws2:recording>, uncaught <first-release-date>
2025-02-22 15:01:44,505 - in <ws2:release-group>, uncaught attribute type-id
2025-02-22 15:01:44,506 - in <ws2:recording>, uncaught <first-release-date>
2025-02-22 15:01:44,507 - in <ws2:release-group>, uncaught attribute type-id
2025-02-22 15:01:44,507 - in <ws2:recording>, uncaught <first-release-date>
2025-02-22 15:01:44,508 - in <ws2:release-group>, uncaught attribute type-id
2025-02-22 15:01:44,509 - in <ws2:release-group>, uncaught attribute type-id
2025-02-22 15:01:44,509 - in <ws2:recording>, uncaught <first-release-date>
2025-02-22 15:01:44,510 - in <ws2:release-group>, uncaught attribute type-id
2025-02-22 15:01:44,510 - in <ws2:recording>, uncaught <first-release-date>
2025-02-22 15:01:44,511 - in <ws2:release-group>, uncaught attribute type-id
2025-02-22 15:01:44,511 - in <ws2:release-group>, uncaught attribute type-id
2025-02-22 15:01:44,512 - in <ws2:release-group>, uncaught attribute type-id
2025-02-22 15:01:44,512 - in <ws2:recording>, uncaught <first-release-date>
2025-02-22 15:01:44,513 - in <ws2:release-group>, uncaught attribute type-id
2025-02-22 15:01:44,513 - in <ws2:alias>, uncaught attribute type-id
2025-02-22 15:01:44,514 - in <ws2:recording>, uncaught <first-release-date>
2025-02-22 15:01:44,514 - in <ws2:release-group>, uncaught attribute type-id
2025-02-22 15:01:44,514 - in <ws2:recording>, uncaught <first-release-date>
2025-02-22 15:01:44,515 - in <ws2:release-group>, uncaught attribute type-id
2025-02-22 15:01:44,516 - in <ws2:release-group>, uncaught attribute type-id
2025-02-22 15:01:44,517 - in <ws2:recording>, uncaught <first-release-date>
2025-02-22 15:01:44,517 - in <ws2:release-group>, uncaught attribute type-id
2025-02-22 15:01:44,518 - in <ws2:release-group>, uncaught attribute type-id
2025-02-22 15:01:44,519 - in <ws2:alias>, uncaught attribute type-id
2025-02-22 15:01:44,520 - in <ws2:recording>, uncaught <first-release-date>
2025-02-22 15:01:44,520 - in <ws2:release-group>, uncaught attribute type-id
2025-02-22 15:01:44,521 - in <ws2:alias>, uncaught attribute type-id
2025-02-22 15:01:44,521 - in <ws2:alias>, uncaught attribute type-id
2025-02-22 15:01:44,522 - in <ws2:recording>, uncaught <first-release-date>
2025-02-22 15:01:44,522 - in <ws2:release-group>, uncaught attribute type-id
2025-02-22 15:01:44,523 - in <ws2:recording>, uncaught <first-release-date>
2025-02-22 15:01:44,523 - in <ws2:release-group>, uncaught attribute type-id
2025-02-22 15:01:44,524 - Fetched metadata for 'Jungle Path' by 'Somesh Saha' from MusicBrainz.
